<?xml version="1.0" encoding="UTF-8"?>
<!-- Generated by org.testng.reporters.JUnitXMLReporter -->
<testsuite hostname="Akram-PC" ignored="0" name="Default test" tests="2" failures="0" timestamp="23 Apr 2017 08:55:22 GMT" time="21.521" errors="0">
  <testcase name="verifyValidLogin" time="11.339" classname="com.wordpress.Testcases.VerifyWordpressLogin"/>
  <testcase name="verifyValidLogout" time="3.915" classname="com.wordpress.Testcases.VerifyWordpressLogin"/>
</testsuite> <!-- Default test -->
